This file contains any messages produced by compilers while
running configure, to aid debugging if configure makes a mistake.

It was created by libb2 configure 0.98.1, which was
generated by GNU Autoconf 2.69.  Invocation command line was

  $ ./configure 

## --------- ##
## Platform. ##
## --------- ##

hostname = krrer-Z590-D
uname -m = x86_64
uname -r = 5.13.0-41-generic
uname -s = Linux
uname -v = #46~20.04.1-Ubuntu SMP Wed Apr 20 13:16:21 UTC 2022

/usr/bin/uname -p = x86_64
/bin/uname -X     = unknown

/bin/arch              = x86_64
/usr/bin/arch -k       = unknown
/usr/convex/getsysinfo = unknown
/usr/bin/hostinfo      = unknown
/bin/machine           = unknown
/usr/bin/oslevel       = unknown
/bin/universe          = unknown

PATH: /opt/ros/foxy/bin
PATH: /home/krrer/.local/bin
PATH: /usr/local/sbin
PATH: /usr/local/bin
PATH: /usr/sbin
PATH: /usr/bin
PATH: /sbin
PATH: /bin
PATH: /usr/games
PATH: /usr/local/games
PATH: /snap/bin
PATH: /home/krrer/.local/share/JetBrains/Toolbox/apps/CLion/ch-0/221.5591.52/bin/


## ----------- ##
## Core tests. ##
## ----------- ##

configure:2398: checking for a BSD-compatible install
configure:2466: result: /usr/bin/install -c
configure:2477: checking whether build environment is sane
configure:2532: result: yes
configure:2681: checking for a thread-safe mkdir -p
configure:2720: result: /usr/bin/mkdir -p
configure:2727: checking for gawk
configure:2757: result: no
configure:2727: checking for mawk
configure:2743: found /usr/bin/mawk
configure:2754: result: mawk
configure:2765: checking whether make sets $(MAKE)
configure:2787: result: yes
configure:2816: checking whether make supports nested variables
configure:2833: result: yes
configure:3018: checking for gcc
configure:3034: found /usr/bin/gcc
configure:3045: result: gcc
configure:3274: checking for C compiler version
configure:3283: gcc --version >&5
gcc (Ubuntu 9.4.0-1ubuntu1~20.04.1) 9.4.0
Copyright (C) 2019 Free Software Foundation, Inc.
This is free software; see the source for copying conditions.  There is NO
warranty; not even for MERCHANTABILITY or FITNESS FOR A PARTICULAR PURPOSE.

configure:3294: $? = 0
configure:3283: gcc -v >&5
Using built-in specs.
COLLECT_GCC=gcc
COLLECT_LTO_WRAPPER=/usr/lib/gcc/x86_64-linux-gnu/9/lto-wrapper
OFFLOAD_TARGET_NAMES=nvptx-none:hsa
OFFLOAD_TARGET_DEFAULT=1
Target: x86_64-linux-gnu
Configured with: ../src/configure -v --with-pkgversion='Ubuntu 9.4.0-1ubuntu1~20.04.1' --with-bugurl=file:///usr/share/doc/gcc-9/README.Bugs --enable-languages=c,ada,c++,go,brig,d,fortran,objc,obj-c++,gm2 --prefix=/usr --with-gcc-major-version-only --program-suffix=-9 --program-prefix=x86_64-linux-gnu- --enable-shared --enable-linker-build-id --libexecdir=/usr/lib --without-included-gettext --enable-threads=posix --libdir=/usr/lib --enable-nls --enable-clocale=gnu --enable-libstdcxx-debug --enable-libstdcxx-time=yes --with-default-libstdcxx-abi=new --enable-gnu-unique-object --disable-vtable-verify --enable-plugin --enable-default-pie --with-system-zlib --with-target-system-zlib=auto --enable-objc-gc=auto --enable-multiarch --disable-werror --with-arch-32=i686 --with-abi=m64 --with-multilib-list=m32,m64,mx32 --enable-multilib --with-tune=generic --enable-offload-targets=nvptx-none=/build/gcc-9-Av3uEd/gcc-9-9.4.0/debian/tmp-nvptx/usr,hsa --without-cuda-driver --enable-checking=release --build=x86_64-linux-gnu --host=x86_64-linux-gnu --target=x86_64-linux-gnu
Thread model: posix
gcc version 9.4.0 (Ubuntu 9.4.0-1ubuntu1~20.04.1) 
configure:3294: $? = 0
configure:3283: gcc -V >&5
gcc: error: unrecognized command line option '-V'
gcc: fatal error: no input files
compilation terminated.
configure:3294: $? = 1
configure:3283: gcc -qversion >&5
gcc: error: unrecognized command line option '-qversion'; did you mean '--version'?
gcc: fatal error: no input files
compilation terminated.
configure:3294: $? = 1
configure:3314: checking whether the C compiler works
configure:3336: gcc    conftest.c  >&5
configure:3340: $? = 0
configure:3388: result: yes
configure:3391: checking for C compiler default output file name
configure:3393: result: a.out
configure:3399: checking for suffix of executables
configure:3406: gcc -o conftest    conftest.c  >&5
configure:3410: $? = 0
configure:3432: result: 
configure:3454: checking whether we are cross compiling
configure:3462: gcc -o conftest    conftest.c  >&5
configure:3466: $? = 0
configure:3473: ./conftest
configure:3477: $? = 0
configure:3465: result: no
configure:3470: checking for suffix of object files
configure:3492: gcc -c   conftest.c >&5
configure:3496: $? = 0
configure:3517: result: o
configure:3521: checking whether we are using the GNU C compiler
configure:3540: gcc -c   conftest.c >&5
configure:3540: $? = 0
configure:3549: result: yes
configure:3558: checking whether gcc accepts -g
configure:3578: gcc -c -g  conftest.c >&5
configure:3578: $? = 0
configure:3619: result: yes
configure:3636: checking for gcc option to accept ISO C89
configure:3699: gcc  -c -g -O2  conftest.c >&5
configure:3699: $? = 0
configure:3712: result: none needed
configure:3737: checking whether gcc understands -c and -o together
configure:3759: gcc -c conftest.c -o conftest2.o
configure:3762: $? = 0
configure:3759: gcc -c conftest.c -o conftest2.o
configure:3762: $? = 0
configure:3774: result: yes
configure:3794: checking whether make supports the include directive
configure:3809: make -f confmf.GNU && cat confinc.out
this is the am__doit target
configure:3812: $? = 0
configure:3831: result: yes (GNU style)
configure:3856: checking dependency style of gcc
configure:3967: result: gcc3
configure:3982: checking for gcc option to accept ISO C99
configure:4131: gcc  -c -g -O2  conftest.c >&5
configure:4131: $? = 0
configure:4144: result: none needed
configure:4163: checking for explicit_bzero
configure:4163: gcc -o conftest -g -O2   conftest.c  >&5
configure:4163: $? = 0
configure:4163: result: yes
configure:4174: checking for explicit_memset
configure:4174: gcc -o conftest -g -O2   conftest.c  >&5
/usr/bin/ld: /tmp/ccPhk7iN.o: in function `main':
/home/krrer/4-sem/crypto/8cw/libb2-master/conftest.c:46: undefined reference to `explicit_memset'
collect2: error: ld returned 1 exit status
configure:4174: $? = 1
configure: failed program was:
| /* confdefs.h */
| #define PACKAGE_NAME "libb2"
| #define PACKAGE_TARNAME "libb2"
| #define PACKAGE_VERSION "0.98.1"
| #define PACKAGE_STRING "libb2 0.98.1"
| #define PACKAGE_BUGREPORT "contact@blake2.net"
| #define PACKAGE_URL "https://blake2.net"
| #define PACKAGE "libb2"
| #define VERSION "0.98.1"
| #define HAVE_EXPLICIT_BZERO 1
| /* end confdefs.h.  */
| /* Define explicit_memset to an innocuous variant, in case <limits.h> declares explicit_memset.
|    For example, HP-UX 11i <limits.h> declares gettimeofday.  */
| #define explicit_memset innocuous_explicit_memset
| 
| /* System header to define __stub macros and hopefully few prototypes,
|     which can conflict with char explicit_memset (); below.
|     Prefer <limits.h> to <assert.h> if __STDC__ is defined, since
|     <limits.h> exists even on freestanding compilers.  */
| 
| #ifdef __STDC__
| # include <limits.h>
| #else
| # include <assert.h>
| #endif
| 
| #undef explicit_memset
| 
| /* Override any GCC internal prototype to avoid an error.
|    Use char because int might match the return type of a GCC
|    builtin and then its argument prototype would still apply.  */
| #ifdef __cplusplus
| extern "C"
| #endif
| char explicit_memset ();
| /* The GNU C library defines this for functions which it implements
|     to always fail with ENOSYS.  Some functions are actually named
|     something starting with __ and the normal name is an alias.  */
| #if defined __stub_explicit_memset || defined __stub___explicit_memset
| choke me
| #endif
| 
| int
| main ()
| {
| return explicit_memset ();
|   ;
|   return 0;
| }
configure:4174: result: no
configure:4185: checking for memset_s
configure:4185: gcc -o conftest -g -O2   conftest.c  >&5
/usr/bin/ld: /tmp/ccntbOUN.o: in function `main':
/home/krrer/4-sem/crypto/8cw/libb2-master/conftest.c:46: undefined reference to `memset_s'
collect2: error: ld returned 1 exit status
configure:4185: $? = 1
configure: failed program was:
| /* confdefs.h */
| #define PACKAGE_NAME "libb2"
| #define PACKAGE_TARNAME "libb2"
| #define PACKAGE_VERSION "0.98.1"
| #define PACKAGE_STRING "libb2 0.98.1"
| #define PACKAGE_BUGREPORT "contact@blake2.net"
| #define PACKAGE_URL "https://blake2.net"
| #define PACKAGE "libb2"
| #define VERSION "0.98.1"
| #define HAVE_EXPLICIT_BZERO 1
| /* end confdefs.h.  */
| /* Define memset_s to an innocuous variant, in case <limits.h> declares memset_s.
|    For example, HP-UX 11i <limits.h> declares gettimeofday.  */
| #define memset_s innocuous_memset_s
| 
| /* System header to define __stub macros and hopefully few prototypes,
|     which can conflict with char memset_s (); below.
|     Prefer <limits.h> to <assert.h> if __STDC__ is defined, since
|     <limits.h> exists even on freestanding compilers.  */
| 
| #ifdef __STDC__
| # include <limits.h>
| #else
| # include <assert.h>
| #endif
| 
| #undef memset_s
| 
| /* Override any GCC internal prototype to avoid an error.
|    Use char because int might match the return type of a GCC
|    builtin and then its argument prototype would still apply.  */
| #ifdef __cplusplus
| extern "C"
| #endif
| char memset_s ();
| /* The GNU C library defines this for functions which it implements
|     to always fail with ENOSYS.  Some functions are actually named
|     something starting with __ and the normal name is an alias.  */
| #if defined __stub_memset_s || defined __stub___memset_s
| choke me
| #endif
| 
| int
| main ()
| {
| return memset_s ();
|   ;
|   return 0;
| }
configure:4185: result: no
configure:4199: checking how to run the C preprocessor
configure:4230: gcc -E  conftest.c
configure:4230: $? = 0
configure:4244: gcc -E  conftest.c
conftest.c:12:10: fatal error: ac_nonexistent.h: No such file or directory
   12 | #include <ac_nonexistent.h>
      |          ^~~~~~~~~~~~~~~~~~
compilation terminated.
configure:4244: $? = 1
configure: failed program was:
| /* confdefs.h */
| #define PACKAGE_NAME "libb2"
| #define PACKAGE_TARNAME "libb2"
| #define PACKAGE_VERSION "0.98.1"
| #define PACKAGE_STRING "libb2 0.98.1"
| #define PACKAGE_BUGREPORT "contact@blake2.net"
| #define PACKAGE_URL "https://blake2.net"
| #define PACKAGE "libb2"
| #define VERSION "0.98.1"
| #define HAVE_EXPLICIT_BZERO 1
| /* end confdefs.h.  */
| #include <ac_nonexistent.h>
configure:4269: result: gcc -E
configure:4289: gcc -E  conftest.c
configure:4289: $? = 0
configure:4303: gcc -E  conftest.c
conftest.c:12:10: fatal error: ac_nonexistent.h: No such file or directory
   12 | #include <ac_nonexistent.h>
      |          ^~~~~~~~~~~~~~~~~~
compilation terminated.
configure:4303: $? = 1
configure: failed program was:
| /* confdefs.h */
| #define PACKAGE_NAME "libb2"
| #define PACKAGE_TARNAME "libb2"
| #define PACKAGE_VERSION "0.98.1"
| #define PACKAGE_STRING "libb2 0.98.1"
| #define PACKAGE_BUGREPORT "contact@blake2.net"
| #define PACKAGE_URL "https://blake2.net"
| #define PACKAGE "libb2"
| #define VERSION "0.98.1"
| #define HAVE_EXPLICIT_BZERO 1
| /* end confdefs.h.  */
| #include <ac_nonexistent.h>
configure:4332: checking for grep that handles long lines and -e
configure:4390: result: /usr/bin/grep
configure:4395: checking for egrep
configure:4457: result: /usr/bin/grep -E
configure:4462: checking for ANSI C header files
configure:4482: gcc -c -g -O2  conftest.c >&5
configure:4482: $? = 0
configure:4555: gcc -o conftest -g -O2   conftest.c  >&5
configure:4555: $? = 0
configure:4555: ./conftest
configure:4555: $? = 0
configure:4566: result: yes
configure:4579: checking for sys/types.h
configure:4579: gcc -c -g -O2  conftest.c >&5
configure:4579: $? = 0
configure:4579: result: yes
configure:4579: checking for sys/stat.h
configure:4579: gcc -c -g -O2  conftest.c >&5
configure:4579: $? = 0
configure:4579: result: yes
configure:4579: checking for stdlib.h
configure:4579: gcc -c -g -O2  conftest.c >&5
configure:4579: $? = 0
configure:4579: result: yes
configure:4579: checking for string.h
configure:4579: gcc -c -g -O2  conftest.c >&5
configure:4579: $? = 0
configure:4579: result: yes
configure:4579: checking for memory.h
configure:4579: gcc -c -g -O2  conftest.c >&5
configure:4579: $? = 0
configure:4579: result: yes
configure:4579: checking for strings.h
configure:4579: gcc -c -g -O2  conftest.c >&5
configure:4579: $? = 0
configure:4579: result: yes
configure:4579: checking for inttypes.h
configure:4579: gcc -c -g -O2  conftest.c >&5
configure:4579: $? = 0
configure:4579: result: yes
configure:4579: checking for stdint.h
configure:4579: gcc -c -g -O2  conftest.c >&5
configure:4579: $? = 0
configure:4579: result: yes
configure:4579: checking for unistd.h
configure:4579: gcc -c -g -O2  conftest.c >&5
configure:4579: $? = 0
configure:4579: result: yes
configure:4594: checking stddef.h usability
configure:4594: gcc -c -g -O2  conftest.c >&5
configure:4594: $? = 0
configure:4594: result: yes
configure:4594: checking stddef.h presence
configure:4594: gcc -E  conftest.c
configure:4594: $? = 0
configure:4594: result: yes
configure:4594: checking for stddef.h
configure:4594: result: yes
configure:4594: checking for stdint.h
configure:4594: result: yes
configure:4594: checking for stdlib.h
configure:4594: result: yes
configure:4594: checking for string.h
configure:4594: result: yes
configure:4612: checking for gcc option to support OpenMP
configure:4627: gcc -o conftest -g -O2   conftest.c  >&5
conftest.c:28:2: error: unknown type name 'choke'
   28 |  choke me
      |  ^~~~~
conftest.c:28:10: error: expected ';' before 'typedef'
   28 |  choke me
      |          ^
      |          ;
configure:4627: $? = 1
configure: failed program was:
| /* confdefs.h */
| #define PACKAGE_NAME "libb2"
| #define PACKAGE_TARNAME "libb2"
| #define PACKAGE_VERSION "0.98.1"
| #define PACKAGE_STRING "libb2 0.98.1"
| #define PACKAGE_BUGREPORT "contact@blake2.net"
| #define PACKAGE_URL "https://blake2.net"
| #define PACKAGE "libb2"
| #define VERSION "0.98.1"
| #define HAVE_EXPLICIT_BZERO 1
| #define STDC_HEADERS 1
| #define HAVE_SYS_TYPES_H 1
| #define HAVE_SYS_STAT_H 1
| #define HAVE_STDLIB_H 1
| #define HAVE_STRING_H 1
| #define HAVE_MEMORY_H 1
| #define HAVE_STRINGS_H 1
| #define HAVE_INTTYPES_H 1
| #define HAVE_STDINT_H 1
| #define HAVE_UNISTD_H 1
| #define HAVE_STDDEF_H 1
| #define HAVE_STDINT_H 1
| #define HAVE_STDLIB_H 1
| #define HAVE_STRING_H 1
| /* end confdefs.h.  */
| 
| #ifndef _OPENMP
|  choke me
| #endif
| #include <omp.h>
| int main () { return omp_get_num_threads (); }
| 
configure:4645: gcc -o conftest -g -O2 -fopenmp   conftest.c  >&5
configure:4645: $? = 0
configure:4659: result: -fopenmp
configure:4671: checking whether byte ordering is bigendian
configure:4686: gcc -c -g -O2  conftest.c >&5
conftest.c:27:9: error: unknown type name 'not'
   27 |         not a universal capable compiler
      |         ^~~
conftest.c:27:15: error: expected '=', ',', ';', 'asm' or '__attribute__' before 'universal'
   27 |         not a universal capable compiler
      |               ^~~~~~~~~
conftest.c:27:15: error: unknown type name 'universal'
configure:4686: $? = 1
configure: failed program was:
| /* confdefs.h */
| #define PACKAGE_NAME "libb2"
| #define PACKAGE_TARNAME "libb2"
| #define PACKAGE_VERSION "0.98.1"
| #define PACKAGE_STRING "libb2 0.98.1"
| #define PACKAGE_BUGREPORT "contact@blake2.net"
| #define PACKAGE_URL "https://blake2.net"
| #define PACKAGE "libb2"
| #define VERSION "0.98.1"
| #define HAVE_EXPLICIT_BZERO 1
| #define STDC_HEADERS 1
| #define HAVE_SYS_TYPES_H 1
| #define HAVE_SYS_STAT_H 1
| #define HAVE_STDLIB_H 1
| #define HAVE_STRING_H 1
| #define HAVE_MEMORY_H 1
| #define HAVE_STRINGS_H 1
| #define HAVE_INTTYPES_H 1
| #define HAVE_STDINT_H 1
| #define HAVE_UNISTD_H 1
| #define HAVE_STDDEF_H 1
| #define HAVE_STDINT_H 1
| #define HAVE_STDLIB_H 1
| #define HAVE_STRING_H 1
| /* end confdefs.h.  */
| #ifndef __APPLE_CC__
| 	       not a universal capable compiler
| 	     #endif
| 	     typedef int dummy;
| 
configure:4731: gcc -c -g -O2  conftest.c >&5
configure:4731: $? = 0
configure:4749: gcc -c -g -O2  conftest.c >&5
conftest.c: In function 'main':
conftest.c:33:4: error: unknown type name 'not'; did you mean 'ino_t'?
   33 |    not big endian
      |    ^~~
      |    ino_t
conftest.c:33:12: error: expected '=', ',', ';', 'asm' or '__attribute__' before 'endian'
   33 |    not big endian
      |            ^~~~~~
configure:4749: $? = 1
configure: failed program was:
| /* confdefs.h */
| #define PACKAGE_NAME "libb2"
| #define PACKAGE_TARNAME "libb2"
| #define PACKAGE_VERSION "0.98.1"
| #define PACKAGE_STRING "libb2 0.98.1"
| #define PACKAGE_BUGREPORT "contact@blake2.net"
| #define PACKAGE_URL "https://blake2.net"
| #define PACKAGE "libb2"
| #define VERSION "0.98.1"
| #define HAVE_EXPLICIT_BZERO 1
| #define STDC_HEADERS 1
| #define HAVE_SYS_TYPES_H 1
| #define HAVE_SYS_STAT_H 1
| #define HAVE_STDLIB_H 1
| #define HAVE_STRING_H 1
| #define HAVE_MEMORY_H 1
| #define HAVE_STRINGS_H 1
| #define HAVE_INTTYPES_H 1
| #define HAVE_STDINT_H 1
| #define HAVE_UNISTD_H 1
| #define HAVE_STDDEF_H 1
| #define HAVE_STDINT_H 1
| #define HAVE_STDLIB_H 1
| #define HAVE_STRING_H 1
| /* end confdefs.h.  */
| #include <sys/types.h>
| 		#include <sys/param.h>
| 
| int
| main ()
| {
| #if BYTE_ORDER != BIG_ENDIAN
| 		 not big endian
| 		#endif
| 
|   ;
|   return 0;
| }
configure:4877: result: no
configure:4897: checking for inline
configure:4913: gcc -c -g -O2  conftest.c >&5
configure:4913: $? = 0
configure:4921: result: inline
configure:4939: checking for size_t
configure:4939: gcc -c -g -O2  conftest.c >&5
configure:4939: $? = 0
configure:4939: gcc -c -g -O2  conftest.c >&5
conftest.c: In function 'main':
conftest.c:63:21: error: expected expression before ')' token
   63 | if (sizeof ((size_t)))
      |                     ^
configure:4939: $? = 1
configure: failed program was:
| /* confdefs.h */
| #define PACKAGE_NAME "libb2"
| #define PACKAGE_TARNAME "libb2"
| #define PACKAGE_VERSION "0.98.1"
| #define PACKAGE_STRING "libb2 0.98.1"
| #define PACKAGE_BUGREPORT "contact@blake2.net"
| #define PACKAGE_URL "https://blake2.net"
| #define PACKAGE "libb2"
| #define VERSION "0.98.1"
| #define HAVE_EXPLICIT_BZERO 1
| #define STDC_HEADERS 1
| #define HAVE_SYS_TYPES_H 1
| #define HAVE_SYS_STAT_H 1
| #define HAVE_STDLIB_H 1
| #define HAVE_STRING_H 1
| #define HAVE_MEMORY_H 1
| #define HAVE_STRINGS_H 1
| #define HAVE_INTTYPES_H 1
| #define HAVE_STDINT_H 1
| #define HAVE_UNISTD_H 1
| #define HAVE_STDDEF_H 1
| #define HAVE_STDINT_H 1
| #define HAVE_STDLIB_H 1
| #define HAVE_STRING_H 1
| #define NATIVE_LITTLE_ENDIAN 1
| /* end confdefs.h.  */
| #include <stdio.h>
| #ifdef HAVE_SYS_TYPES_H
| # include <sys/types.h>
| #endif
| #ifdef HAVE_SYS_STAT_H
| # include <sys/stat.h>
| #endif
| #ifdef STDC_HEADERS
| # include <stdlib.h>
| # include <stddef.h>
| #else
| # ifdef HAVE_STDLIB_H
| #  include <stdlib.h>
| # endif
| #endif
| #ifdef HAVE_STRING_H
| # if !defined STDC_HEADERS && defined HAVE_MEMORY_H
| #  include <memory.h>
| # endif
| # include <string.h>
| #endif
| #ifdef HAVE_STRINGS_H
| # include <strings.h>
| #endif
| #ifdef HAVE_INTTYPES_H
| # include <inttypes.h>
| #endif
| #ifdef HAVE_STDINT_H
| # include <stdint.h>
| #endif
| #ifdef HAVE_UNISTD_H
| # include <unistd.h>
| #endif
| int
| main ()
| {
| if (sizeof ((size_t)))
| 	    return 0;
|   ;
|   return 0;
| }
configure:4939: result: yes
configure:4950: checking for uint32_t
configure:4950: gcc -c -g -O2  conftest.c >&5
configure:4950: $? = 0
configure:4950: result: yes
configure:4964: checking for uint64_t
configure:4964: gcc -c -g -O2  conftest.c >&5
configure:4964: $? = 0
configure:4964: result: yes
configure:4978: checking for uint8_t
configure:4978: gcc -c -g -O2  conftest.c >&5
configure:4978: $? = 0
configure:4978: result: yes
configure:4996: checking for memset
configure:4996: gcc -o conftest -g -O2   conftest.c  >&5
conftest.c:50:6: warning: conflicting types for built-in function 'memset'; expected 'void *(void *, int,  long unsigned int)' [-Wbuiltin-declaration-mismatch]
   50 | char memset ();
      |      ^~~~~~
conftest.c:38:1: note: 'memset' is declared in header '<string.h>'
   37 | # include <limits.h>
   38 | #else
configure:4996: $? = 0
configure:4996: result: yes
configure:5035: checking build system type
configure:5049: result: x86_64-pc-linux-gnu
configure:5069: checking host system type
configure:5082: result: x86_64-pc-linux-gnu
configure:5123: checking how to print strings
configure:5150: result: printf
configure:5171: checking for a sed that does not truncate output
configure:5235: result: /usr/bin/sed
configure:5253: checking for fgrep
configure:5315: result: /usr/bin/grep -F
configure:5350: checking for ld used by gcc
configure:5417: result: /usr/bin/ld
configure:5424: checking if the linker (/usr/bin/ld) is GNU ld
configure:5439: result: yes
configure:5451: checking for BSD- or MS-compatible name lister (nm)
configure:5505: result: /usr/bin/nm -B
configure:5635: checking the name lister (/usr/bin/nm -B) interface
configure:5642: gcc -c -g -O2  conftest.c >&5
configure:5645: /usr/bin/nm -B "conftest.o"
configure:5648: output
0000000000000000 B some_variable
configure:5649: result: BSD nm
configure:5652: checking whether ln -s works
configure:5656: result: yes
configure:5664: checking the maximum length of command line arguments
configure:5795: result: 1572864
configure:5843: checking how to convert x86_64-pc-linux-gnu file names to x86_64-pc-linux-gnu format
configure:5883: result: func_convert_file_noop
configure:5890: checking how to convert x86_64-pc-linux-gnu file names to toolchain format
configure:5910: result: func_convert_file_noop
configure:5917: checking for /usr/bin/ld option to reload object files
configure:5924: result: -r
configure:5998: checking for objdump
configure:6014: found /usr/bin/objdump
configure:6025: result: objdump
configure:6057: checking how to recognize dependent libraries
configure:6257: result: pass_all
configure:6342: checking for dlltool
configure:6372: result: no
configure:6402: checking how to associate runtime and link libraries
configure:6429: result: printf %s\n
configure:6489: checking for ar
configure:6505: found /usr/bin/ar
configure:6516: result: ar
configure:6553: checking for archiver @FILE support
configure:6570: gcc -c -g -O2  conftest.c >&5
configure:6570: $? = 0
configure:6573: ar cr libconftest.a @conftest.lst >&5
configure:6576: $? = 0
configure:6581: ar cr libconftest.a @conftest.lst >&5
ar: conftest.o: No such file or directory
configure:6584: $? = 1
configure:6583: result: @
configure:6641: checking for strip
configure:6657: found /usr/bin/strip
configure:6668: result: strip
configure:6740: checking for ranlib
configure:6756: found /usr/bin/ranlib
configure:6767: result: ranlib
configure:6869: checking command to parse /usr/bin/nm -B output from gcc object
configure:7022: gcc -c -g -O2  conftest.c >&5
configure:7025: $? = 0
configure:7029: /usr/bin/nm -B conftest.o | sed -n -e 's/^.*[	 ]\([ABCDGIRSTW][ABCDGIRSTW]*\)[	 ][	 ]*\([_A-Za-z][_A-Za-z0-9]*\)$/\1 \2 \2/p' | sed '/ __gnu_lto/d' > conftest.nm
configure:7095: gcc -o conftest -g -O2   conftest.c conftstm.o >&5
configure:7098: $? = 0
configure:7136: result: ok
configure:7183: checking for sysroot
configure:7213: result: no
configure:7220: checking for a working dd
configure:7258: result: /usr/bin/dd
configure:7262: checking how to truncate binary pipes
configure:7277: result: /usr/bin/dd bs=4096 count=1
configure:7413: gcc -c -g -O2  conftest.c >&5
configure:7416: $? = 0
configure:7606: checking for mt
configure:7622: found /usr/bin/mt
configure:7633: result: mt
configure:7656: checking if mt is a manifest tool
configure:7662: mt '-?'
configure:7670: result: no
configure:8344: checking for dlfcn.h
configure:8344: gcc -c -g -O2  conftest.c >&5
configure:8344: $? = 0
configure:8344: result: yes
configure:8600: checking for objdir
configure:8615: result: .libs
configure:8879: checking if gcc supports -fno-rtti -fno-exceptions
configure:8897: gcc -c -g -O2  -fno-rtti -fno-exceptions conftest.c >&5
cc1: warning: command line option '-fno-rtti' is valid for C++/D/ObjC++ but not for C
configure:8901: $? = 0
configure:8914: result: no
configure:9278: checking for gcc option to produce PIC
configure:9285: result: -fPIC -DPIC
configure:9293: checking if gcc PIC flag -fPIC -DPIC works
configure:9311: gcc -c -g -O2  -fPIC -DPIC -DPIC conftest.c >&5
configure:9315: $? = 0
configure:9328: result: yes
configure:9357: checking if gcc static flag -static works
configure:9385: result: yes
configure:9400: checking if gcc supports -c -o file.o
configure:9421: gcc -c -g -O2  -o out/conftest2.o conftest.c >&5
configure:9425: $? = 0
configure:9447: result: yes
configure:9455: checking if gcc supports -c -o file.o
configure:9502: result: yes
configure:9535: checking whether the gcc linker (/usr/bin/ld -m elf_x86_64) supports shared libraries
configure:10798: result: yes
configure:10835: checking whether -lc should be explicitly linked in
configure:10843: gcc -c -g -O2  conftest.c >&5
configure:10846: $? = 0
configure:10861: gcc -shared  -fPIC -DPIC conftest.o  -v -Wl,-soname -Wl,conftest -o conftest 2\>\&1 \| /usr/bin/grep  -lc  \>/dev/null 2\>\&1
configure:10864: $? = 0
configure:10878: result: no
configure:11038: checking dynamic linker characteristics
configure:11619: gcc -o conftest -g -O2   -Wl,-rpath -Wl,/foo conftest.c  >&5
configure:11619: $? = 0
configure:11868: result: GNU/Linux ld.so
configure:11990: checking how to hardcode library paths into programs
configure:12015: result: immediate
configure:12563: checking whether stripping libraries is possible
configure:12568: result: yes
configure:12603: checking if libtool supports shared libraries
configure:12605: result: yes
configure:12608: checking whether to build shared libraries
configure:12633: result: yes
configure:12636: checking whether to build static libraries
configure:12640: result: yes
configure:9479: checking whether C compiler accepts -O3
configure:9498: gcc -c -g -O2  -O3  conftest.c >&5
In file included from /usr/include/stdio.h:867,
                 from conftest.c:30:
In function 'fgets',
    inlined from 'main' at conftest.c:34:47:
/usr/include/x86_64-linux-gnu/bits/stdio2.h:263:9: warning: call to '__fgets_chk_warn' declared with attribute warning: fgets called with bigger size than length of destination buffer [-Wattribute-warning]
  263 |  return __fgets_chk_warn (__s, __bos (__s), __n, __stream);
      |         ^~~~~~~~~~~~~~~~~~~~~~~~~~~~~~~~~~~~~~~~~~~~~~~~~~
configure:9498: $? = 0
configure:9506: result: yes
configure:9515: checking whether C compiler accepts -march=native
configure:9534: gcc -c -g -O2 -O3  -march=native  conftest.c >&5
In file included from /usr/include/stdio.h:867,
                 from conftest.c:30:
In function 'fgets',
    inlined from 'main' at conftest.c:34:47:
/usr/include/x86_64-linux-gnu/bits/stdio2.h:263:9: warning: call to '__fgets_chk_warn' declared with attribute warning: fgets called with bigger size than length of destination buffer [-Wattribute-warning]
  263 |  return __fgets_chk_warn (__s, __bos (__s), __n, __stream);
      |         ^~~~~~~~~~~~~~~~~~~~~~~~~~~~~~~~~~~~~~~~~~~~~~~~~~
configure:9534: $? = 0
configure:9542: result: yes
configure:9736: checking for x86 cpuid  output
configure:9765: gcc -o conftest -g -O2 -O3   conftest.c  >&5
conftest.c: In function 'main':
conftest.c:35:15: error: expected expression before ',' token
   35 |      int op = , eax, ebx, ecx, edx;
      |               ^
configure:9765: $? = 1
configure: program exited with status 1
configure: failed program was:
| /* confdefs.h */
| #define PACKAGE_NAME "libb2"
| #define PACKAGE_TARNAME "libb2"
| #define PACKAGE_VERSION "0.98.1"
| #define PACKAGE_STRING "libb2 0.98.1"
| #define PACKAGE_BUGREPORT "contact@blake2.net"
| #define PACKAGE_URL "https://blake2.net"
| #define PACKAGE "libb2"
| #define VERSION "0.98.1"
| #define HAVE_EXPLICIT_BZERO 1
| #define STDC_HEADERS 1
| #define HAVE_SYS_TYPES_H 1
| #define HAVE_SYS_STAT_H 1
| #define HAVE_STDLIB_H 1
| #define HAVE_STRING_H 1
| #define HAVE_MEMORY_H 1
| #define HAVE_STRINGS_H 1
| #define HAVE_INTTYPES_H 1
| #define HAVE_STDINT_H 1
| #define HAVE_UNISTD_H 1
| #define HAVE_STDDEF_H 1
| #define HAVE_STDINT_H 1
| #define HAVE_STDLIB_H 1
| #define HAVE_STRING_H 1
| #define NATIVE_LITTLE_ENDIAN 1
| #define HAVE_MEMSET 1
| #define HAVE_DLFCN_H 1
| #define LT_OBJDIR ".libs/"
| /* end confdefs.h.  */
| #include <stdio.h>
| int
| main ()
| {
| 
|      int op = , eax, ebx, ecx, edx;
|      FILE *f;
|       __asm__("cpuid"
|         : "=a" (eax), "=b" (ebx), "=c" (ecx), "=d" (edx)
|         : "a" (op));
|      f = fopen("conftest_cpuid", "w"); if (!f) return 1;
|      fprintf(f, "%x:%x:%x:%x\n", eax, ebx, ecx, edx);
|      fclose(f);
|      return 0;
| 
|   ;
|   return 0;
| }
configure:9775: result: unknown
configure:9859: checking for x86 cpuid 0x00000001 output
configure:9888: gcc -o conftest -g -O2 -O3   conftest.c  >&5
configure:9888: $? = 0
configure:9888: ./conftest
configure:9888: $? = 0
configure:9898: result: a0671:a100800:7ffafbff:bfebfbff
configure:9910: checking whether mmx is supported
configure:9922: result: yes
configure:9925: checking whether sse is supported
configure:9937: result: yes
configure:9940: checking whether sse2 is supported
configure:9952: result: yes
configure:9955: checking whether sse3 is supported
configure:9967: result: yes
configure:9970: checking whether ssse3 is supported
configure:9982: result: yes
configure:9985: checking whether sse4.1 is supported
configure:9997: result: yes
configure:10000: checking whether sse4.2 is supported
configure:10012: result: yes
configure:10015: checking whether avx is supported
configure:10027: result: yes
configure:10031: checking whether C compiler accepts -mmmx
configure:10050: gcc -c -g -O2 -O3  -mmmx  conftest.c >&5
In file included from /usr/include/stdio.h:867,
                 from conftest.c:30:
In function 'fgets',
    inlined from 'main' at conftest.c:34:47:
/usr/include/x86_64-linux-gnu/bits/stdio2.h:263:9: warning: call to '__fgets_chk_warn' declared with attribute warning: fgets called with bigger size than length of destination buffer [-Wattribute-warning]
  263 |  return __fgets_chk_warn (__s, __bos (__s), __n, __stream);
      |         ^~~~~~~~~~~~~~~~~~~~~~~~~~~~~~~~~~~~~~~~~~~~~~~~~~
configure:10050: $? = 0
configure:10058: result: yes
configure:10078: checking whether C compiler accepts -msse
configure:10097: gcc -c -g -O2 -O3  -msse  conftest.c >&5
In file included from /usr/include/stdio.h:867,
                 from conftest.c:31:
In function 'fgets',
    inlined from 'main' at conftest.c:35:47:
/usr/include/x86_64-linux-gnu/bits/stdio2.h:263:9: warning: call to '__fgets_chk_warn' declared with attribute warning: fgets called with bigger size than length of destination buffer [-Wattribute-warning]
  263 |  return __fgets_chk_warn (__s, __bos (__s), __n, __stream);
      |         ^~~~~~~~~~~~~~~~~~~~~~~~~~~~~~~~~~~~~~~~~~~~~~~~~~
configure:10097: $? = 0
configure:10105: result: yes
configure:10125: checking whether C compiler accepts -msse2
configure:10144: gcc -c -g -O2 -O3  -msse2  conftest.c >&5
In file included from /usr/include/stdio.h:867,
                 from conftest.c:32:
In function 'fgets',
    inlined from 'main' at conftest.c:36:47:
/usr/include/x86_64-linux-gnu/bits/stdio2.h:263:9: warning: call to '__fgets_chk_warn' declared with attribute warning: fgets called with bigger size than length of destination buffer [-Wattribute-warning]
  263 |  return __fgets_chk_warn (__s, __bos (__s), __n, __stream);
      |         ^~~~~~~~~~~~~~~~~~~~~~~~~~~~~~~~~~~~~~~~~~~~~~~~~~
configure:10144: $? = 0
configure:10152: result: yes
configure:10172: checking whether C compiler accepts -msse3
configure:10191: gcc -c -g -O2 -O3  -msse3  conftest.c >&5
In file included from /usr/include/stdio.h:867,
                 from conftest.c:33:
In function 'fgets',
    inlined from 'main' at conftest.c:37:47:
/usr/include/x86_64-linux-gnu/bits/stdio2.h:263:9: warning: call to '__fgets_chk_warn' declared with attribute warning: fgets called with bigger size than length of destination buffer [-Wattribute-warning]
  263 |  return __fgets_chk_warn (__s, __bos (__s), __n, __stream);
      |         ^~~~~~~~~~~~~~~~~~~~~~~~~~~~~~~~~~~~~~~~~~~~~~~~~~
configure:10191: $? = 0
configure:10199: result: yes
configure:10219: checking whether C compiler accepts -mssse3
configure:10238: gcc -c -g -O2 -O3  -mssse3  conftest.c >&5
In file included from /usr/include/stdio.h:867,
                 from conftest.c:34:
In function 'fgets',
    inlined from 'main' at conftest.c:38:47:
/usr/include/x86_64-linux-gnu/bits/stdio2.h:263:9: warning: call to '__fgets_chk_warn' declared with attribute warning: fgets called with bigger size than length of destination buffer [-Wattribute-warning]
  263 |  return __fgets_chk_warn (__s, __bos (__s), __n, __stream);
      |         ^~~~~~~~~~~~~~~~~~~~~~~~~~~~~~~~~~~~~~~~~~~~~~~~~~
configure:10238: $? = 0
configure:10246: result: yes
configure:10266: checking whether C compiler accepts -msse4.1
configure:10285: gcc -c -g -O2 -O3  -msse4.1  conftest.c >&5
In file included from /usr/include/stdio.h:867,
                 from conftest.c:35:
In function 'fgets',
    inlined from 'main' at conftest.c:39:47:
/usr/include/x86_64-linux-gnu/bits/stdio2.h:263:9: warning: call to '__fgets_chk_warn' declared with attribute warning: fgets called with bigger size than length of destination buffer [-Wattribute-warning]
  263 |  return __fgets_chk_warn (__s, __bos (__s), __n, __stream);
      |         ^~~~~~~~~~~~~~~~~~~~~~~~~~~~~~~~~~~~~~~~~~~~~~~~~~
configure:10285: $? = 0
configure:10293: result: yes
configure:10313: checking whether C compiler accepts -msse4.2
configure:10332: gcc -c -g -O2 -O3  -msse4.2  conftest.c >&5
In file included from /usr/include/stdio.h:867,
                 from conftest.c:36:
In function 'fgets',
    inlined from 'main' at conftest.c:40:47:
/usr/include/x86_64-linux-gnu/bits/stdio2.h:263:9: warning: call to '__fgets_chk_warn' declared with attribute warning: fgets called with bigger size than length of destination buffer [-Wattribute-warning]
  263 |  return __fgets_chk_warn (__s, __bos (__s), __n, __stream);
      |         ^~~~~~~~~~~~~~~~~~~~~~~~~~~~~~~~~~~~~~~~~~~~~~~~~~
configure:10332: $? = 0
configure:10340: result: yes
configure:10360: checking whether C compiler accepts -mavx
configure:10379: gcc -c -g -O2 -O3  -mavx  conftest.c >&5
In file included from /usr/include/stdio.h:867,
                 from conftest.c:37:
In function 'fgets',
    inlined from 'main' at conftest.c:41:47:
/usr/include/x86_64-linux-gnu/bits/stdio2.h:263:9: warning: call to '__fgets_chk_warn' declared with attribute warning: fgets called with bigger size than length of destination buffer [-Wattribute-warning]
  263 |  return __fgets_chk_warn (__s, __bos (__s), __n, __stream);
      |         ^~~~~~~~~~~~~~~~~~~~~~~~~~~~~~~~~~~~~~~~~~~~~~~~~~
configure:10379: $? = 0
configure:10387: result: yes
configure:10554: checking that generated files are newer than configure
configure:10560: result: done
configure:10591: creating ./config.status

## ---------------------- ##
## Running config.status. ##
## ---------------------- ##

This file was extended by libb2 config.status 0.98.1, which was
generated by GNU Autoconf 2.69.  Invocation command line was

  CONFIG_FILES    = 
  CONFIG_HEADERS  = 
  CONFIG_LINKS    = 
  CONFIG_COMMANDS = 
  $ ./config.status 

on krrer-Z590-D

config.status:1106: creating Makefile
config.status:1106: creating src/Makefile
config.status:1106: creating libb2.pc
config.status:1106: creating src/config.h
config.status:1335: executing depfiles commands
config.status:1412: cd src       && sed -e '/# am--include-marker/d' Makefile         | make -f - am--depfiles
config.status:1417: $? = 0
config.status:1335: executing libtool commands

## ---------------- ##
## Cache variables. ##
## ---------------- ##

ac_cv_build=x86_64-pc-linux-gnu
ac_cv_c_bigendian=no
ac_cv_c_compiler_gnu=yes
ac_cv_c_inline=inline
ac_cv_c_uint32_t=yes
ac_cv_c_uint64_t=yes
ac_cv_c_uint8_t=yes
ac_cv_env_CC_set=
ac_cv_env_CC_value=
ac_cv_env_CFLAGS_set=
ac_cv_env_CFLAGS_value=
ac_cv_env_CPPFLAGS_set=
ac_cv_env_CPPFLAGS_value=
ac_cv_env_CPP_set=
ac_cv_env_CPP_value=
ac_cv_env_LDFLAGS_set=
ac_cv_env_LDFLAGS_value=
ac_cv_env_LIBS_set=
ac_cv_env_LIBS_value=
ac_cv_env_LT_SYS_LIBRARY_PATH_set=
ac_cv_env_LT_SYS_LIBRARY_PATH_value=
ac_cv_env_build_alias_set=
ac_cv_env_build_alias_value=
ac_cv_env_host_alias_set=
ac_cv_env_host_alias_value=
ac_cv_env_target_alias_set=
ac_cv_env_target_alias_value=
ac_cv_func_explicit_bzero=yes
ac_cv_func_explicit_memset=no
ac_cv_func_memset=yes
ac_cv_func_memset_s=no
ac_cv_header_dlfcn_h=yes
ac_cv_header_inttypes_h=yes
ac_cv_header_memory_h=yes
ac_cv_header_stdc=yes
ac_cv_header_stddef_h=yes
ac_cv_header_stdint_h=yes
ac_cv_header_stdlib_h=yes
ac_cv_header_string_h=yes
ac_cv_header_strings_h=yes
ac_cv_header_sys_stat_h=yes
ac_cv_header_sys_types_h=yes
ac_cv_header_unistd_h=yes
ac_cv_host=x86_64-pc-linux-gnu
ac_cv_objext=o
ac_cv_path_EGREP='/usr/bin/grep -E'
ac_cv_path_FGREP='/usr/bin/grep -F'
ac_cv_path_GREP=/usr/bin/grep
ac_cv_path_SED=/usr/bin/sed
ac_cv_path_install='/usr/bin/install -c'
ac_cv_path_lt_DD=/usr/bin/dd
ac_cv_path_mkdir=/usr/bin/mkdir
ac_cv_prog_AWK=mawk
ac_cv_prog_CPP='gcc -E'
ac_cv_prog_ac_ct_AR=ar
ac_cv_prog_ac_ct_CC=gcc
ac_cv_prog_ac_ct_MANIFEST_TOOL=mt
ac_cv_prog_ac_ct_OBJDUMP=objdump
ac_cv_prog_ac_ct_RANLIB=ranlib
ac_cv_prog_ac_ct_STRIP=strip
ac_cv_prog_c_openmp=-fopenmp
ac_cv_prog_cc_c89=
ac_cv_prog_cc_c99=
ac_cv_prog_cc_g=yes
ac_cv_prog_make_make_set=yes
ac_cv_type_size_t=yes
am_cv_CC_dependencies_compiler_type=gcc3
am_cv_make_support_nested_variables=yes
am_cv_prog_cc_c_o=yes
ax_cv_check_cflags___O3=yes
ax_cv_check_cflags___march_native=yes
ax_cv_check_cflags___mavx=yes
ax_cv_check_cflags___mmmx=yes
ax_cv_check_cflags___msse2=yes
ax_cv_check_cflags___msse3=yes
ax_cv_check_cflags___msse4_1=yes
ax_cv_check_cflags___msse4_2=yes
ax_cv_check_cflags___msse=yes
ax_cv_check_cflags___mssse3=yes
ax_cv_gcc_x86_cpuid_0x00000001=a0671:a100800:7ffafbff:bfebfbff
ax_cv_gcc_x86_cpuid_=unknown
ax_cv_have_avx_ext=yes
ax_cv_have_mmx_ext=yes
ax_cv_have_sse2_ext=yes
ax_cv_have_sse3_ext=yes
ax_cv_have_sse41_ext=yes
ax_cv_have_sse42_ext=yes
ax_cv_have_sse_ext=yes
ax_cv_have_ssse3_ext=yes
ax_cv_support_avx_ext=yes
ax_cv_support_mmx_ext=yes
ax_cv_support_sse2_ext=yes
ax_cv_support_sse3_ext=yes
ax_cv_support_sse41_ext=yes
ax_cv_support_sse42_ext=yes
ax_cv_support_sse_ext=yes
ax_cv_support_ssse3_ext=yes
lt_cv_ar_at_file=@
lt_cv_archive_cmds_need_lc=no
lt_cv_deplibs_check_method=pass_all
lt_cv_file_magic_cmd='$MAGIC_CMD'
lt_cv_file_magic_test_file=
lt_cv_ld_reload_flag=-r
lt_cv_nm_interface='BSD nm'
lt_cv_objdir=.libs
lt_cv_path_LD=/usr/bin/ld
lt_cv_path_NM='/usr/bin/nm -B'
lt_cv_path_mainfest_tool=no
lt_cv_prog_compiler_c_o=yes
lt_cv_prog_compiler_pic='-fPIC -DPIC'
lt_cv_prog_compiler_pic_works=yes
lt_cv_prog_compiler_rtti_exceptions=no
lt_cv_prog_compiler_static_works=yes
lt_cv_prog_gnu_ld=yes
lt_cv_sharedlib_from_linklib_cmd='printf %s\n'
lt_cv_shlibpath_overrides_runpath=yes
lt_cv_sys_global_symbol_pipe='sed -n -e '\''s/^.*[	 ]\([ABCDGIRSTW][ABCDGIRSTW]*\)[	 ][	 ]*\([_A-Za-z][_A-Za-z0-9]*\)$/\1 \2 \2/p'\'' | sed '\''/ __gnu_lto/d'\'''
lt_cv_sys_global_symbol_to_c_name_address='sed -n -e '\''s/^: \(.*\) .*$/  {"\1", (void *) 0},/p'\'' -e '\''s/^[ABCDGIRSTW][ABCDGIRSTW]* .* \(.*\)$/  {"\1", (void *) \&\1},/p'\'''
lt_cv_sys_global_symbol_to_c_name_address_lib_prefix='sed -n -e '\''s/^: \(.*\) .*$/  {"\1", (void *) 0},/p'\'' -e '\''s/^[ABCDGIRSTW][ABCDGIRSTW]* .* \(lib.*\)$/  {"\1", (void *) \&\1},/p'\'' -e '\''s/^[ABCDGIRSTW][ABCDGIRSTW]* .* \(.*\)$/  {"lib\1", (void *) \&\1},/p'\'''
lt_cv_sys_global_symbol_to_cdecl='sed -n -e '\''s/^T .* \(.*\)$/extern int \1();/p'\'' -e '\''s/^[ABCDGIRSTW][ABCDGIRSTW]* .* \(.*\)$/extern char \1;/p'\'''
lt_cv_sys_global_symbol_to_import=
lt_cv_sys_max_cmd_len=1572864
lt_cv_to_host_file_cmd=func_convert_file_noop
lt_cv_to_tool_file_cmd=func_convert_file_noop
lt_cv_truncate_bin='/usr/bin/dd bs=4096 count=1'

## ----------------- ##
## Output variables. ##
## ----------------- ##

ACLOCAL='${SHELL} /home/krrer/4-sem/crypto/8cw/libb2-master/missing aclocal-1.16'
AMDEPBACKSLASH='\'
AMDEP_FALSE='#'
AMDEP_TRUE=''
AMTAR='$${TAR-tar}'
AM_BACKSLASH='\'
AM_DEFAULT_V='$(AM_DEFAULT_VERBOSITY)'
AM_DEFAULT_VERBOSITY='1'
AM_V='$(V)'
AR='ar'
AUTOCONF='${SHELL} /home/krrer/4-sem/crypto/8cw/libb2-master/missing autoconf'
AUTOHEADER='${SHELL} /home/krrer/4-sem/crypto/8cw/libb2-master/missing autoheader'
AUTOMAKE='${SHELL} /home/krrer/4-sem/crypto/8cw/libb2-master/missing automake-1.16'
AWK='mawk'
B2_LIBRARY_VERSION='1:4:0'
CC='gcc'
CCDEPMODE='depmode=gcc3'
CFLAGS='-g -O2 -O3 -march=native  -mmmx -msse -msse2 -msse3 -mssse3 -msse4.1 -msse4.2 -mavx'
CPP='gcc -E'
CPPFLAGS=''
CYGPATH_W='echo'
DEFS='-DHAVE_CONFIG_H'
DEPDIR='.deps'
DLLTOOL='false'
DSYMUTIL=''
DUMPBIN=''
ECHO_C=''
ECHO_N='-n'
ECHO_T=''
EGREP='/usr/bin/grep -E'
EXEEXT=''
FGREP='/usr/bin/grep -F'
GREP='/usr/bin/grep'
INSTALL_DATA='${INSTALL} -m 644'
INSTALL_PROGRAM='${INSTALL}'
INSTALL_SCRIPT='${INSTALL}'
INSTALL_STRIP_PROGRAM='$(install_sh) -c -s'
LD='/usr/bin/ld -m elf_x86_64'
LDFLAGS=''
LIBOBJS=''
LIBS=''
LIBTOOL='$(SHELL) $(top_builddir)/libtool'
LIPO=''
LN_S='ln -s'
LTLIBOBJS=''
LT_SYS_LIBRARY_PATH=''
MAKEINFO='${SHELL} /home/krrer/4-sem/crypto/8cw/libb2-master/missing makeinfo'
MANIFEST_TOOL=':'
MKDIR_P='/usr/bin/mkdir -p'
NM='/usr/bin/nm -B'
NMEDIT=''
OBJDUMP='objdump'
OBJEXT='o'
OPENMP_CFLAGS='-fopenmp'
OTOOL64=''
OTOOL=''
PACKAGE='libb2'
PACKAGE_BUGREPORT='contact@blake2.net'
PACKAGE_NAME='libb2'
PACKAGE_STRING='libb2 0.98.1'
PACKAGE_TARNAME='libb2'
PACKAGE_URL='https://blake2.net'
PACKAGE_VERSION='0.98.1'
PATH_SEPARATOR=':'
RANLIB='ranlib'
SED='/usr/bin/sed'
SET_MAKE=''
SHELL='/bin/bash'
SIMD_FLAGS=' -mmmx -msse -msse2 -msse3 -mssse3 -msse4.1 -msse4.2 -mavx'
STRIP='strip'
USE_FAT_FALSE=''
USE_FAT_TRUE='#'
USE_SSE_FALSE='#'
USE_SSE_TRUE=''
VERSION='0.98.1'
ac_ct_AR='ar'
ac_ct_CC='gcc'
ac_ct_DUMPBIN=''
am__EXEEXT_FALSE=''
am__EXEEXT_TRUE='#'
am__fastdepCC_FALSE='#'
am__fastdepCC_TRUE=''
am__include='include'
am__isrc=''
am__leading_dot='.'
am__nodep='_no'
am__quote=''
am__tar='$${TAR-tar} chof - "$$tardir"'
am__untar='$${TAR-tar} xf -'
bindir='${exec_prefix}/bin'
build='x86_64-pc-linux-gnu'
build_alias=''
build_cpu='x86_64'
build_os='linux-gnu'
build_vendor='pc'
datadir='${datarootdir}'
datarootdir='${prefix}/share'
docdir='${datarootdir}/doc/${PACKAGE_TARNAME}'
dvidir='${docdir}'
exec_prefix='${prefix}'
host='x86_64-pc-linux-gnu'
host_alias=''
host_cpu='x86_64'
host_os='linux-gnu'
host_vendor='pc'
htmldir='${docdir}'
includedir='${prefix}/include'
infodir='${datarootdir}/info'
install_sh='${SHELL} /home/krrer/4-sem/crypto/8cw/libb2-master/install-sh'
libdir='${exec_prefix}/lib'
libexecdir='${exec_prefix}/libexec'
localedir='${datarootdir}/locale'
localstatedir='${prefix}/var'
mandir='${datarootdir}/man'
mkdir_p='$(MKDIR_P)'
oldincludedir='/usr/include'
pdfdir='${docdir}'
pkgconfigdir='${libdir}/pkgconfig'
prefix='/usr/local'
program_transform_name='s,x,x,'
psdir='${docdir}'
runstatedir='${localstatedir}/run'
sbindir='${exec_prefix}/sbin'
sharedstatedir='${prefix}/com'
sysconfdir='${prefix}/etc'
target_alias=''

## ----------- ##
## confdefs.h. ##
## ----------- ##

/* confdefs.h */
#define PACKAGE_NAME "libb2"
#define PACKAGE_TARNAME "libb2"
#define PACKAGE_VERSION "0.98.1"
#define PACKAGE_STRING "libb2 0.98.1"
#define PACKAGE_BUGREPORT "contact@blake2.net"
#define PACKAGE_URL "https://blake2.net"
#define PACKAGE "libb2"
#define VERSION "0.98.1"
#define HAVE_EXPLICIT_BZERO 1
#define STDC_HEADERS 1
#define HAVE_SYS_TYPES_H 1
#define HAVE_SYS_STAT_H 1
#define HAVE_STDLIB_H 1
#define HAVE_STRING_H 1
#define HAVE_MEMORY_H 1
#define HAVE_STRINGS_H 1
#define HAVE_INTTYPES_H 1
#define HAVE_STDINT_H 1
#define HAVE_UNISTD_H 1
#define HAVE_STDDEF_H 1
#define HAVE_STDINT_H 1
#define HAVE_STDLIB_H 1
#define HAVE_STRING_H 1
#define NATIVE_LITTLE_ENDIAN 1
#define HAVE_MEMSET 1
#define HAVE_DLFCN_H 1
#define LT_OBJDIR ".libs/"
#define HAVE_MMX /**/
#define HAVE_SSE /**/
#define HAVE_SSE2 /**/
#define HAVE_SSE3 /**/
#define HAVE_SSSE3 /**/
#define HAVE_SSE4_1 /**/
#define HAVE_SSE4_2 /**/
#define HAVE_AVX /**/

configure: exit 0
